\BOOKMARK [0][]{chapter.1}{Úvod}{}
\BOOKMARK [1][]{section.1.1}{Pøedpoklady}{chapter.1}
\BOOKMARK [1][]{section.1.2}{Jaké typy slo¾itosti nás zajímají}{chapter.1}
\BOOKMARK [2][]{subsection.1.2.1}{Pamì»ová slo¾itost reprezentované struktury}{section.1.2}
\BOOKMARK [2][]{subsection.1.2.2}{Èasová slo¾itost algoritmù pracujících na datové struktuøe}{section.1.2}
\BOOKMARK [0][]{chapter.2}{Slovníkový problém}{}
\BOOKMARK [1][]{section.2.1}{Pole}{chapter.2}
\BOOKMARK [1][]{section.2.2}{Seznam}{chapter.2}
\BOOKMARK [0][]{chapter.3}{Ha¹ování I}{}
\BOOKMARK [1][]{section.3.1}{Ha¹ování se separovanými øetìzci}{chapter.3}
\BOOKMARK [2][]{subsection.3.1.1}{Oèekávaná délka seznamu}{section.3.1}
\BOOKMARK [2][]{subsection.3.1.2}{Oèekávaný èas posloupnosti operací}{section.3.1}
\BOOKMARK [2][]{subsection.3.1.3}{Oèekávaný poèet testù}{section.3.1}
\BOOKMARK [2][]{subsection.3.1.4}{Oèekávaná délka nejdel¹ího seznamu}{section.3.1}
\BOOKMARK [1][]{section.3.2}{Ha¹ování s uspoøádanými øetìzci}{chapter.3}
\BOOKMARK [2][]{subsection.3.2.1}{Oèekávaný èas}{section.3.2}
\BOOKMARK [1][]{section.3.3}{Ha¹ování s pøesuny}{chapter.3}
\BOOKMARK [1][]{section.3.4}{Ha¹ování se dvìma ukazateli}{chapter.3}
\BOOKMARK [1][]{section.3.5}{Ha¹ování s lineárním pøidáváním}{chapter.3}
\BOOKMARK [1][]{section.3.6}{Ha¹ování se dvìma funkcemi \(otevøené h., h. s otevøenou adresací\)}{chapter.3}
\BOOKMARK [2][]{subsection.3.6.1}{Algoritmus INSERT}{section.3.6}
\BOOKMARK [2][]{subsection.3.6.2}{Oèekávaný poèet testù}{section.3.6}
\BOOKMARK [1][]{section.3.7}{Srùstající ha¹ování \(standardní: LISCH a EISCH\)}{chapter.3}
\BOOKMARK [1][]{section.3.8}{Srùstající ha¹ování s pomocnou pamìtí \(obecné: LICH, EICH, VICH\)}{chapter.3}
\BOOKMARK [2][]{subsection.3.8.1}{Srovnávací graf}{section.3.8}
\BOOKMARK [1][]{section.3.9}{Srovnání metod}{chapter.3}
\BOOKMARK [1][]{section.3.10}{Pøeha¹ovávání}{chapter.3}
\BOOKMARK [0][]{chapter.4}{Ha¹ování II}{}
\BOOKMARK [1][]{section.4.1}{Univerzální ha¹ování}{chapter.4}
\BOOKMARK [2][]{subsection.4.1.1}{Oèekávaná délka øetìzce}{section.4.1}
\BOOKMARK [2][]{subsection.4.1.2}{Velikost c-univerzálního systému}{section.4.1}
\BOOKMARK [2][]{subsection.4.1.3}{Reprezentace a \(MEMBER\), INSERT, DELETE}{section.4.1}
\BOOKMARK [1][]{section.4.2}{Perfektní ha¹ování}{chapter.4}
\BOOKMARK [2][]{subsection.4.2.1}{Perfektní ha¹ovací funkce do tabulky velikosti n2}{section.4.2}
\BOOKMARK [2][]{subsection.4.2.2}{Perfektní ha¹ovací funkce do tabulky velikosti 3n}{section.4.2}
\BOOKMARK [2][]{subsection.4.2.3}{GPERF}{section.4.2}
\BOOKMARK [0][]{chapter.5}{Trie}{}
\BOOKMARK [1][]{section.5.1}{Základní varianta}{chapter.5}
\BOOKMARK [2][]{subsection.5.1.1}{Algoritmus MEMBER}{section.5.1}
\BOOKMARK [2][]{subsection.5.1.2}{Algoritmus INSERT}{section.5.1}
\BOOKMARK [2][]{subsection.5.1.3}{Algoritmus DELETE}{section.5.1}
\BOOKMARK [2][]{subsection.5.1.4}{Èasová a pamì»ová slo¾itost}{section.5.1}
\BOOKMARK [1][]{section.5.2}{Komprimované trie}{chapter.5}
\BOOKMARK [2][]{subsection.5.2.1}{MEMBER}{section.5.2}
\BOOKMARK [2][]{subsection.5.2.2}{INSERT}{section.5.2}
\BOOKMARK [2][]{subsection.5.2.3}{DELETE}{section.5.2}
\BOOKMARK [2][]{subsection.5.2.4}{Èasová a pamì»ová slo¾itost}{section.5.2}
\BOOKMARK [1][]{section.5.3}{Je¹tì komprimovanìj¹í trie}{chapter.5}
\BOOKMARK [2][]{subsection.5.3.1}{Popis A a rd}{section.5.3}
\BOOKMARK [2][]{subsection.5.3.2}{Algoritmus pro hledání rd a hod}{section.5.3}
\BOOKMARK [2][]{subsection.5.3.3}{Vertikální posun sloupcù}{section.5.3}
\BOOKMARK [2][]{subsection.5.3.4}{Úsporné ulo¾ení øídkého vektoru}{section.5.3}
\BOOKMARK [0][]{chapter.6}{Uspoøádaná pole}{}
\BOOKMARK [1][]{section.6.1}{Unární, binární a interpolaèní vyhledávání}{chapter.6}
\BOOKMARK [1][]{section.6.2}{Zobecnìné kvadratické vyhledávání}{chapter.6}
\BOOKMARK [0][]{chapter.7}{Binární stromy}{}
\BOOKMARK [1][]{section.7.1}{Obecnì}{chapter.7}
\BOOKMARK [2][]{subsection.7.1.1}{Algoritmus MEMBER}{section.7.1}
\BOOKMARK [2][]{subsection.7.1.2}{Algoritmus INSERT}{section.7.1}
\BOOKMARK [2][]{subsection.7.1.3}{Algoritmus DELETE}{section.7.1}
\BOOKMARK [1][]{section.7.2}{Optimální binární vyhledávací stromy}{chapter.7}
\BOOKMARK [2][]{subsection.7.2.1}{Algoritmus konstrukce}{section.7.2}
\BOOKMARK [2][]{subsection.7.2.2}{Sní¾ení slo¾itosti z kubické na kvadratickou}{section.7.2}
\BOOKMARK [1][]{section.7.3}{Skorooptimální binární vyhledávací stromy}{chapter.7}
\BOOKMARK [1][]{section.7.4}{Èervenoèerné stromy}{chapter.7}
\BOOKMARK [2][]{subsection.7.4.1}{Operace INSERT}{section.7.4}
\BOOKMARK [2][]{subsection.7.4.2}{Operace DELETE}{section.7.4}
